[2023-01-12T16:06:22.779] [WARN] default - Ruta GET /api/unexisting no implementada
[2023-01-12T16:10:53.722] [WARN] default - Ruta GET /api/productos no implementada
[2023-01-12T16:11:45.166] [WARN] default - Ruta GET /api/productos no implementada
[2023-01-12T16:11:46.157] [WARN] default - Ruta GET /api/productos no implementada
[2023-01-12T16:12:44.268] [WARN] default - Ruta GET /api/teafasdas no implementada
[2023-01-12T16:21:16.564] [WARN] default - Ruta GET /api/teafasdas no implementada
[2023-01-12T16:32:38.222] [WARN] default - Ruta GET /api/session/info no implementada
[2023-01-12T16:34:22.404] [WARN] default - Ruta GET /saludo no implementada
[2023-01-12T17:34:49.044] [WARN] default - Ruta GET /json/version no implementada
[2023-01-12T17:34:49.056] [WARN] default - Ruta GET /json no implementada
[2023-01-12T17:34:51.040] [WARN] default - Ruta GET /json/version no implementada
[2023-01-12T17:34:51.043] [WARN] default - Ruta GET /json no implementada
[2023-01-12T17:34:58.124] [WARN] default - Ruta GET /json/version no implementada
[2023-01-12T17:34:58.126] [WARN] default - Ruta GET /json no implementada
[2023-01-12T17:35:02.161] [WARN] default - Ruta GET /json/version no implementada
[2023-01-12T17:35:02.163] [WARN] default - Ruta GET /json no implementada
[2023-01-12T17:35:07.215] [WARN] default - Ruta GET /json/version no implementada
[2023-01-12T17:35:07.218] [WARN] default - Ruta GET /json no implementada
[2023-01-12T17:35:13.298] [WARN] default - Ruta GET /json/version no implementada
[2023-01-12T17:35:13.299] [WARN] default - Ruta GET /json no implementada
[2023-01-12T17:35:16.299] [WARN] default - Ruta GET /json/version no implementada
[2023-01-12T17:35:16.301] [WARN] default - Ruta GET /json no implementada
[2023-01-12T17:35:18.288] [WARN] default - Ruta GET /json/version no implementada
[2023-01-12T17:35:18.290] [WARN] default - Ruta GET /json no implementada
[2023-01-12T17:35:18.991] [WARN] default - Ruta GET /json/version no implementada
[2023-01-12T17:35:18.992] [WARN] default - Ruta GET /json no implementada
[2023-01-12T17:35:20.002] [WARN] default - Ruta GET /json/version no implementada
[2023-01-12T17:35:20.004] [WARN] default - Ruta GET /json no implementada
[2023-01-12T17:35:20.315] [WARN] default - Ruta GET /json/version no implementada
[2023-01-12T17:35:20.318] [WARN] default - Ruta GET /json no implementada
[2023-01-12T17:35:21.017] [WARN] default - Ruta GET /json/version no implementada
[2023-01-12T17:35:21.018] [WARN] default - Ruta GET /json no implementada
[2023-01-12T17:35:21.031] [WARN] default - Ruta GET /json/version no implementada
[2023-01-12T17:35:21.033] [WARN] default - Ruta GET /json no implementada
[2023-01-12T17:35:22.027] [WARN] default - Ruta GET /json/version no implementada
[2023-01-12T17:35:22.029] [WARN] default - Ruta GET /json no implementada
[2023-01-12T17:35:23.048] [WARN] default - Ruta GET /json/version no implementada
[2023-01-12T17:35:23.049] [WARN] default - Ruta GET /json no implementada
[2023-01-12T17:35:24.068] [WARN] default - Ruta GET /json/version no implementada
[2023-01-12T17:35:24.069] [WARN] default - Ruta GET /json/version no implementada
[2023-01-12T17:35:24.071] [WARN] default - Ruta GET /json no implementada
[2023-01-12T17:35:24.072] [WARN] default - Ruta GET /json no implementada
[2023-01-12T17:35:25.076] [WARN] default - Ruta GET /json/version no implementada
[2023-01-12T17:35:25.077] [WARN] default - Ruta GET /json no implementada
[2023-01-12T17:35:26.095] [WARN] default - Ruta GET /json/version no implementada
[2023-01-12T17:35:26.097] [WARN] default - Ruta GET /json no implementada
[2023-01-12T17:35:27.111] [WARN] default - Ruta GET /json/version no implementada
[2023-01-12T17:35:27.113] [WARN] default - Ruta GET /json no implementada
[2023-01-12T17:35:28.135] [WARN] default - Ruta GET /json/version no implementada
[2023-01-12T17:35:28.137] [WARN] default - Ruta GET /json no implementada
[2023-01-12T17:35:29.154] [WARN] default - Ruta GET /json/version no implementada
[2023-01-12T17:35:29.157] [WARN] default - Ruta GET /json no implementada
[2023-01-12T17:35:30.163] [WARN] default - Ruta GET /json/version no implementada
[2023-01-12T17:35:30.165] [WARN] default - Ruta GET /json no implementada
[2023-01-12T17:35:31.168] [WARN] default - Ruta GET /json/version no implementada
[2023-01-12T17:35:31.170] [WARN] default - Ruta GET /json no implementada
[2023-01-12T17:35:31.308] [WARN] default - Ruta GET /json/version no implementada
[2023-01-12T17:35:31.310] [WARN] default - Ruta GET /json no implementada
[2023-01-12T17:35:32.185] [WARN] default - Ruta GET /json/version no implementada
[2023-01-12T17:35:32.186] [WARN] default - Ruta GET /json no implementada
[2023-01-12T17:35:33.202] [WARN] default - Ruta GET /json/version no implementada
[2023-01-12T17:35:33.204] [WARN] default - Ruta GET /json no implementada
[2023-01-12T17:35:34.219] [WARN] default - Ruta GET /json/version no implementada
[2023-01-12T17:35:34.221] [WARN] default - Ruta GET /json no implementada
[2023-01-12T17:35:35.226] [WARN] default - Ruta GET /json/version no implementada
[2023-01-12T17:35:35.229] [WARN] default - Ruta GET /json no implementada
[2023-01-12T17:35:36.235] [WARN] default - Ruta GET /json/version no implementada
[2023-01-12T17:35:36.237] [WARN] default - Ruta GET /json no implementada
[2023-01-12T17:35:37.241] [WARN] default - Ruta GET /json/version no implementada
[2023-01-12T17:35:37.243] [WARN] default - Ruta GET /json no implementada
[2023-01-12T17:35:38.258] [WARN] default - Ruta GET /json/version no implementada
[2023-01-12T17:35:38.262] [WARN] default - Ruta GET /json no implementada
[2023-01-12T17:35:38.763] [WARN] default - Ruta GET /json/version no implementada
[2023-01-12T17:35:38.766] [WARN] default - Ruta GET /json no implementada
[2023-01-12T17:35:39.265] [WARN] default - Ruta GET /json/version no implementada
[2023-01-12T17:35:39.266] [WARN] default - Ruta GET /json no implementada
[2023-01-12T17:35:40.275] [WARN] default - Ruta GET /json/version no implementada
[2023-01-12T17:35:40.277] [WARN] default - Ruta GET /json no implementada
[2023-01-12T17:35:41.288] [WARN] default - Ruta GET /json/version no implementada
[2023-01-12T17:35:41.291] [WARN] default - Ruta GET /json no implementada
[2023-01-12T17:35:42.306] [WARN] default - Ruta GET /json/version no implementada
[2023-01-12T17:35:42.309] [WARN] default - Ruta GET /json no implementada
[2023-01-12T17:35:43.335] [WARN] default - Ruta GET /json/version no implementada
[2023-01-12T17:35:43.338] [WARN] default - Ruta GET /json no implementada
[2023-01-12T17:35:44.351] [WARN] default - Ruta GET /json/version no implementada
[2023-01-12T17:35:44.354] [WARN] default - Ruta GET /json no implementada
[2023-01-12T17:35:45.360] [WARN] default - Ruta GET /json/version no implementada
[2023-01-12T17:35:45.364] [WARN] default - Ruta GET /json no implementada
[2023-01-12T17:35:46.034] [WARN] default - Ruta GET /json/version no implementada
[2023-01-12T17:35:46.035] [WARN] default - Ruta GET /json no implementada
[2023-01-12T17:35:46.377] [WARN] default - Ruta GET /json/version no implementada
[2023-01-12T17:35:46.380] [WARN] default - Ruta GET /json no implementada
[2023-01-12T17:35:47.388] [WARN] default - Ruta GET /json/version no implementada
[2023-01-12T17:35:47.390] [WARN] default - Ruta GET /json no implementada
[2023-01-12T17:35:48.401] [WARN] default - Ruta GET /json/version no implementada
[2023-01-12T17:35:48.404] [WARN] default - Ruta GET /json no implementada
[2023-01-12T17:35:49.448] [WARN] default - Ruta GET /json/version no implementada
[2023-01-12T17:35:49.462] [WARN] default - Ruta GET /json no implementada
[2023-01-12T17:35:50.513] [WARN] default - Ruta GET /json/version no implementada
[2023-01-12T17:35:50.573] [WARN] default - Ruta GET /json no implementada
[2023-01-12T17:35:51.600] [WARN] default - Ruta GET /json/version no implementada
[2023-01-12T17:35:51.619] [WARN] default - Ruta GET /json no implementada
[2023-01-12T17:35:52.665] [WARN] default - Ruta GET /json/version no implementada
[2023-01-12T17:35:52.682] [WARN] default - Ruta GET /json no implementada
[2023-01-12T17:35:53.214] [WARN] default - Ruta GET /json/version no implementada
[2023-01-12T17:35:53.228] [WARN] default - Ruta GET /json no implementada
[2023-01-12T17:35:53.704] [WARN] default - Ruta GET /json/version no implementada
[2023-01-12T17:35:53.744] [WARN] default - Ruta GET /json no implementada
[2023-01-12T17:35:54.769] [WARN] default - Ruta GET /json/version no implementada
[2023-01-12T17:35:54.786] [WARN] default - Ruta GET /json no implementada
[2023-01-12T17:35:55.828] [WARN] default - Ruta GET /json/version no implementada
[2023-01-12T17:35:55.849] [WARN] default - Ruta GET /json no implementada
[2023-01-12T17:35:56.883] [WARN] default - Ruta GET /json/version no implementada
[2023-01-12T17:35:56.902] [WARN] default - Ruta GET /json no implementada
[2023-01-12T17:35:57.937] [WARN] default - Ruta GET /json/version no implementada
[2023-01-12T17:35:57.969] [WARN] default - Ruta GET /json no implementada
[2023-01-12T17:35:59.008] [WARN] default - Ruta GET /json/version no implementada
[2023-01-12T17:35:59.026] [WARN] default - Ruta GET /json no implementada
[2023-01-12T17:36:00.055] [WARN] default - Ruta GET /json/version no implementada
[2023-01-12T17:36:00.080] [WARN] default - Ruta GET /json no implementada
[2023-01-12T17:36:00.418] [WARN] default - Ruta GET /json/version no implementada
[2023-01-12T17:36:00.444] [WARN] default - Ruta GET /json no implementada
[2023-01-12T17:36:01.115] [WARN] default - Ruta GET /json/version no implementada
[2023-01-12T17:36:01.142] [WARN] default - Ruta GET /json no implementada
[2023-01-12T17:36:02.175] [WARN] default - Ruta GET /json/version no implementada
[2023-01-12T17:36:02.187] [WARN] default - Ruta GET /json no implementada
[2023-01-12T17:36:03.229] [WARN] default - Ruta GET /json/version no implementada
[2023-01-12T17:36:03.253] [WARN] default - Ruta GET /json no implementada
[2023-01-12T17:36:04.276] [WARN] default - Ruta GET /json/version no implementada
[2023-01-12T17:36:04.303] [WARN] default - Ruta GET /json no implementada
[2023-01-12T17:36:05.339] [WARN] default - Ruta GET /json/version no implementada
[2023-01-12T17:36:05.355] [WARN] default - Ruta GET /json no implementada
[2023-01-12T17:36:06.390] [WARN] default - Ruta GET /json/version no implementada
[2023-01-12T17:36:06.404] [WARN] default - Ruta GET /json no implementada
[2023-01-12T17:36:07.435] [WARN] default - Ruta GET /json/version no implementada
[2023-01-12T17:36:07.454] [WARN] default - Ruta GET /json no implementada
[2023-01-12T17:36:07.691] [WARN] default - Ruta GET /json/version no implementada
[2023-01-12T17:36:07.715] [WARN] default - Ruta GET /json no implementada
[2023-01-12T17:36:08.494] [WARN] default - Ruta GET /json/version no implementada
[2023-01-12T17:36:08.515] [WARN] default - Ruta GET /json no implementada
[2023-01-12T17:36:09.531] [WARN] default - Ruta GET /json/version no implementada
[2023-01-12T17:36:09.533] [WARN] default - Ruta GET /json no implementada
[2023-01-12T17:36:10.538] [WARN] default - Ruta GET /json/version no implementada
[2023-01-12T17:36:10.540] [WARN] default - Ruta GET /json no implementada
[2023-01-12T17:36:11.560] [WARN] default - Ruta GET /json/version no implementada
[2023-01-12T17:36:11.562] [WARN] default - Ruta GET /json no implementada
[2023-01-12T17:36:12.572] [WARN] default - Ruta GET /json/version no implementada
[2023-01-12T17:36:12.575] [WARN] default - Ruta GET /json no implementada
[2023-01-12T17:36:13.595] [WARN] default - Ruta GET /json/version no implementada
[2023-01-12T17:36:13.598] [WARN] default - Ruta GET /json no implementada
[2023-01-12T17:36:14.618] [WARN] default - Ruta GET /json/version no implementada
[2023-01-12T17:36:14.619] [WARN] default - Ruta GET /json no implementada
[2023-01-12T17:36:15.025] [WARN] default - Ruta GET /json/version no implementada
[2023-01-12T17:36:15.026] [WARN] default - Ruta GET /json no implementada
[2023-01-12T17:36:15.627] [WARN] default - Ruta GET /json/version no implementada
[2023-01-12T17:36:15.629] [WARN] default - Ruta GET /json no implementada
[2023-01-12T17:36:16.639] [WARN] default - Ruta GET /json/version no implementada
[2023-01-12T17:36:16.641] [WARN] default - Ruta GET /json no implementada
[2023-01-12T17:36:17.659] [WARN] default - Ruta GET /json/version no implementada
[2023-01-12T17:36:17.660] [WARN] default - Ruta GET /json no implementada
[2023-01-12T17:36:18.665] [WARN] default - Ruta GET /json/version no implementada
[2023-01-12T17:36:18.667] [WARN] default - Ruta GET /json no implementada
[2023-01-12T17:36:19.687] [WARN] default - Ruta GET /json/version no implementada
[2023-01-12T17:36:19.689] [WARN] default - Ruta GET /json no implementada
[2023-01-12T17:36:20.707] [WARN] default - Ruta GET /json/version no implementada
[2023-01-12T17:36:20.709] [WARN] default - Ruta GET /json no implementada
[2023-01-12T17:36:21.719] [WARN] default - Ruta GET /json/version no implementada
[2023-01-12T17:36:21.721] [WARN] default - Ruta GET /json no implementada
[2023-01-12T17:36:22.208] [WARN] default - Ruta GET /json/version no implementada
[2023-01-12T17:36:22.210] [WARN] default - Ruta GET /json no implementada
[2023-01-12T17:36:22.744] [WARN] default - Ruta GET /json/version no implementada
[2023-01-12T17:36:22.747] [WARN] default - Ruta GET /json no implementada
[2023-01-12T17:36:23.757] [WARN] default - Ruta GET /json/version no implementada
[2023-01-12T17:36:23.759] [WARN] default - Ruta GET /json no implementada
[2023-01-12T17:36:24.779] [WARN] default - Ruta GET /json/version no implementada
[2023-01-12T17:36:24.782] [WARN] default - Ruta GET /json no implementada
[2023-01-12T17:36:25.798] [WARN] default - Ruta GET /json/version no implementada
[2023-01-12T17:36:25.799] [WARN] default - Ruta GET /json no implementada
[2023-01-12T17:36:26.818] [WARN] default - Ruta GET /json/version no implementada
[2023-01-12T17:36:26.819] [WARN] default - Ruta GET /json no implementada
[2023-01-12T17:36:27.838] [WARN] default - Ruta GET /json/version no implementada
[2023-01-12T17:36:27.840] [WARN] default - Ruta GET /json no implementada
[2023-01-12T17:36:28.862] [WARN] default - Ruta GET /json/version no implementada
[2023-01-12T17:36:28.864] [WARN] default - Ruta GET /json no implementada
[2023-01-12T17:36:29.378] [WARN] default - Ruta GET /json/version no implementada
[2023-01-12T17:36:29.380] [WARN] default - Ruta GET /json no implementada
[2023-01-12T17:36:29.881] [WARN] default - Ruta GET /json/version no implementada
[2023-01-12T17:36:29.882] [WARN] default - Ruta GET /json no implementada
[2023-01-12T17:36:30.904] [WARN] default - Ruta GET /json/version no implementada
[2023-01-12T17:36:30.906] [WARN] default - Ruta GET /json no implementada
[2023-01-12T17:36:31.927] [WARN] default - Ruta GET /json/version no implementada
[2023-01-12T17:36:31.929] [WARN] default - Ruta GET /json no implementada
[2023-01-12T17:36:32.950] [WARN] default - Ruta GET /json/version no implementada
[2023-01-12T17:36:32.951] [WARN] default - Ruta GET /json no implementada
[2023-01-12T17:36:33.965] [WARN] default - Ruta GET /json/version no implementada
[2023-01-12T17:36:33.966] [WARN] default - Ruta GET /json no implementada
[2023-01-12T17:36:34.981] [WARN] default - Ruta GET /json/version no implementada
[2023-01-12T17:36:34.983] [WARN] default - Ruta GET /json no implementada
[2023-01-12T17:36:36.004] [WARN] default - Ruta GET /json/version no implementada
[2023-01-12T17:36:36.005] [WARN] default - Ruta GET /json no implementada
[2023-01-12T17:36:36.573] [WARN] default - Ruta GET /json/version no implementada
[2023-01-12T17:36:36.575] [WARN] default - Ruta GET /json no implementada
[2023-01-12T17:36:37.011] [WARN] default - Ruta GET /json/version no implementada
[2023-01-12T17:36:37.012] [WARN] default - Ruta GET /json no implementada
[2023-01-12T17:36:38.021] [WARN] default - Ruta GET /json/version no implementada
[2023-01-12T17:36:38.023] [WARN] default - Ruta GET /json no implementada
[2023-01-12T17:36:39.032] [WARN] default - Ruta GET /json/version no implementada
[2023-01-12T17:36:39.034] [WARN] default - Ruta GET /json no implementada
[2023-01-12T17:36:40.053] [WARN] default - Ruta GET /json/version no implementada
[2023-01-12T17:36:40.055] [WARN] default - Ruta GET /json no implementada
[2023-01-12T17:36:41.077] [WARN] default - Ruta GET /json/version no implementada
[2023-01-12T17:36:41.079] [WARN] default - Ruta GET /json no implementada
[2023-01-12T17:36:42.100] [WARN] default - Ruta GET /json/version no implementada
[2023-01-12T17:36:42.103] [WARN] default - Ruta GET /json no implementada
[2023-01-12T17:36:43.124] [WARN] default - Ruta GET /json/version no implementada
[2023-01-12T17:36:43.125] [WARN] default - Ruta GET /json no implementada
[2023-01-12T17:36:43.865] [WARN] default - Ruta GET /json/version no implementada
[2023-01-12T17:36:43.867] [WARN] default - Ruta GET /json no implementada
[2023-01-12T17:36:44.131] [WARN] default - Ruta GET /json/version no implementada
[2023-01-12T17:36:44.135] [WARN] default - Ruta GET /json no implementada
[2023-01-12T17:36:45.153] [WARN] default - Ruta GET /json/version no implementada
[2023-01-12T17:36:45.155] [WARN] default - Ruta GET /json no implementada
[2023-01-12T17:36:46.165] [WARN] default - Ruta GET /json/version no implementada
[2023-01-12T17:36:46.166] [WARN] default - Ruta GET /json no implementada
[2023-01-12T17:36:47.178] [WARN] default - Ruta GET /json/version no implementada
[2023-01-12T17:36:47.179] [WARN] default - Ruta GET /json no implementada
[2023-01-12T17:36:48.185] [WARN] default - Ruta GET /json/version no implementada
[2023-01-12T17:36:48.188] [WARN] default - Ruta GET /json no implementada
[2023-01-12T17:36:49.193] [WARN] default - Ruta GET /json/version no implementada
[2023-01-12T17:36:49.194] [WARN] default - Ruta GET /json no implementada
[2023-01-12T17:36:50.197] [WARN] default - Ruta GET /json/version no implementada
[2023-01-12T17:36:50.199] [WARN] default - Ruta GET /json no implementada
[2023-01-12T17:36:51.031] [WARN] default - Ruta GET /json/version no implementada
[2023-01-12T17:36:51.035] [WARN] default - Ruta GET /json no implementada
[2023-01-12T17:36:51.209] [WARN] default - Ruta GET /json/version no implementada
[2023-01-12T17:36:51.210] [WARN] default - Ruta GET /json no implementada
[2023-01-12T17:36:52.213] [WARN] default - Ruta GET /json/version no implementada
[2023-01-12T17:36:52.214] [WARN] default - Ruta GET /json no implementada
[2023-01-12T17:36:53.225] [WARN] default - Ruta GET /json/version no implementada
[2023-01-12T17:36:53.227] [WARN] default - Ruta GET /json no implementada
[2023-01-12T17:36:54.230] [WARN] default - Ruta GET /json/version no implementada
[2023-01-12T17:36:54.233] [WARN] default - Ruta GET /json no implementada
[2023-01-12T17:36:55.254] [WARN] default - Ruta GET /json/version no implementada
[2023-01-12T17:36:55.255] [WARN] default - Ruta GET /json no implementada
[2023-01-12T17:36:56.270] [WARN] default - Ruta GET /json/version no implementada
[2023-01-12T17:36:56.272] [WARN] default - Ruta GET /json no implementada
[2023-01-12T17:36:57.301] [WARN] default - Ruta GET /json/version no implementada
[2023-01-12T17:36:57.302] [WARN] default - Ruta GET /json no implementada
[2023-01-12T17:36:58.204] [WARN] default - Ruta GET /json/version no implementada
[2023-01-12T17:36:58.207] [WARN] default - Ruta GET /json no implementada
[2023-01-12T17:36:58.313] [WARN] default - Ruta GET /json/version no implementada
[2023-01-12T17:36:58.314] [WARN] default - Ruta GET /json no implementada
[2023-01-12T17:36:59.327] [WARN] default - Ruta GET /json/version no implementada
[2023-01-12T17:36:59.331] [WARN] default - Ruta GET /json no implementada
[2023-01-12T17:37:00.349] [WARN] default - Ruta GET /json/version no implementada
[2023-01-12T17:37:00.351] [WARN] default - Ruta GET /json no implementada
[2023-01-12T17:37:01.354] [WARN] default - Ruta GET /json/version no implementada
[2023-01-12T17:37:01.355] [WARN] default - Ruta GET /json no implementada
[2023-01-12T17:37:02.363] [WARN] default - Ruta GET /json/version no implementada
[2023-01-12T17:37:02.365] [WARN] default - Ruta GET /json no implementada
[2023-01-12T17:37:03.372] [WARN] default - Ruta GET /json/version no implementada
[2023-01-12T17:37:03.374] [WARN] default - Ruta GET /json no implementada
[2023-01-12T17:37:04.393] [WARN] default - Ruta GET /json/version no implementada
[2023-01-12T17:37:04.397] [WARN] default - Ruta GET /json no implementada
[2023-01-12T17:37:05.409] [WARN] default - Ruta GET /json/version no implementada
[2023-01-12T17:37:05.410] [WARN] default - Ruta GET /json/version no implementada
[2023-01-12T17:37:05.414] [WARN] default - Ruta GET /json no implementada
[2023-01-12T17:37:05.414] [WARN] default - Ruta GET /json no implementada
[2023-01-12T17:37:06.437] [WARN] default - Ruta GET /json/version no implementada
[2023-01-12T17:37:06.439] [WARN] default - Ruta GET /json no implementada
[2023-01-12T17:37:07.460] [WARN] default - Ruta GET /json/version no implementada
[2023-01-12T17:37:07.465] [WARN] default - Ruta GET /json no implementada
[2023-01-12T17:37:08.482] [WARN] default - Ruta GET /json/version no implementada
[2023-01-12T17:37:08.485] [WARN] default - Ruta GET /json no implementada
[2023-01-12T17:37:09.492] [WARN] default - Ruta GET /json/version no implementada
[2023-01-12T17:37:09.495] [WARN] default - Ruta GET /json no implementada
[2023-01-12T17:37:10.513] [WARN] default - Ruta GET /json/version no implementada
[2023-01-12T17:37:10.516] [WARN] default - Ruta GET /json no implementada
[2023-01-12T17:37:11.535] [WARN] default - Ruta GET /json/version no implementada
[2023-01-12T17:37:11.538] [WARN] default - Ruta GET /json no implementada
[2023-01-12T17:37:12.547] [WARN] default - Ruta GET /json/version no implementada
[2023-01-12T17:37:12.549] [WARN] default - Ruta GET /json no implementada
[2023-01-12T17:37:12.610] [WARN] default - Ruta GET /json/version no implementada
[2023-01-12T17:37:12.611] [WARN] default - Ruta GET /json no implementada
[2023-01-12T17:37:13.556] [WARN] default - Ruta GET /json/version no implementada
[2023-01-12T17:37:13.558] [WARN] default - Ruta GET /json no implementada
[2023-01-12T17:37:14.580] [WARN] default - Ruta GET /json/version no implementada
[2023-01-12T17:37:14.583] [WARN] default - Ruta GET /json no implementada
[2023-01-12T17:37:15.604] [WARN] default - Ruta GET /json/version no implementada
[2023-01-12T17:37:15.606] [WARN] default - Ruta GET /json no implementada
[2023-01-12T17:37:16.618] [WARN] default - Ruta GET /json/version no implementada
[2023-01-12T17:37:16.620] [WARN] default - Ruta GET /json no implementada
[2023-01-12T17:37:17.628] [WARN] default - Ruta GET /json/version no implementada
[2023-01-12T17:37:17.630] [WARN] default - Ruta GET /json no implementada
[2023-01-12T17:37:18.633] [WARN] default - Ruta GET /json/version no implementada
[2023-01-12T17:37:18.635] [WARN] default - Ruta GET /json no implementada
[2023-01-12T17:37:19.645] [WARN] default - Ruta GET /json/version no implementada
[2023-01-12T17:37:19.647] [WARN] default - Ruta GET /json no implementada
[2023-01-12T17:37:19.770] [WARN] default - Ruta GET /json/version no implementada
[2023-01-12T17:37:19.772] [WARN] default - Ruta GET /json no implementada
[2023-01-12T17:37:20.656] [WARN] default - Ruta GET /json/version no implementada
[2023-01-12T17:37:20.657] [WARN] default - Ruta GET /json no implementada
[2023-01-12T17:37:21.659] [WARN] default - Ruta GET /json/version no implementada
[2023-01-12T17:37:21.660] [WARN] default - Ruta GET /json no implementada
[2023-01-12T17:37:22.669] [WARN] default - Ruta GET /json/version no implementada
[2023-01-12T17:37:22.671] [WARN] default - Ruta GET /json no implementada
[2023-01-12T17:37:23.692] [WARN] default - Ruta GET /json/version no implementada
[2023-01-12T17:37:23.696] [WARN] default - Ruta GET /json no implementada
[2023-01-12T17:37:24.708] [WARN] default - Ruta GET /json/version no implementada
[2023-01-12T17:37:24.709] [WARN] default - Ruta GET /json no implementada
[2023-01-12T17:40:07.448] [WARN] default - Ruta GET /json no implementada
[2023-01-12T17:40:07.614] [WARN] default - Ruta GET /json no implementada
[2023-01-12T17:40:08.628] [WARN] default - Ruta GET /json/version no implementada
[2023-01-12T17:40:08.631] [WARN] default - Ruta GET /json no implementada
[2023-01-12T17:40:09.646] [WARN] default - Ruta GET /json/version no implementada
[2023-01-12T17:40:09.657] [WARN] default - Ruta GET /json no implementada
[2023-01-12T17:40:10.504] [WARN] default - Ruta GET /json/version no implementada
[2023-01-12T17:40:10.508] [WARN] default - Ruta GET /json no implementada
[2023-01-12T17:40:10.676] [WARN] default - Ruta GET /json/version no implementada
[2023-01-12T17:40:10.678] [WARN] default - Ruta GET /json no implementada
[2023-01-12T17:40:11.699] [WARN] default - Ruta GET /json/version no implementada
[2023-01-12T17:40:11.702] [WARN] default - Ruta GET /json no implementada
[2023-01-12T17:40:12.724] [WARN] default - Ruta GET /json/version no implementada
[2023-01-12T17:40:12.727] [WARN] default - Ruta GET /json no implementada
[2023-01-12T17:40:13.738] [WARN] default - Ruta GET /json/version no implementada
[2023-01-12T17:40:13.740] [WARN] default - Ruta GET /json no implementada
[2023-01-12T17:40:14.744] [WARN] default - Ruta GET /json/version no implementada
[2023-01-12T17:40:14.746] [WARN] default - Ruta GET /json no implementada
[2023-01-12T17:40:15.753] [WARN] default - Ruta GET /json/version no implementada
[2023-01-12T17:40:15.759] [WARN] default - Ruta GET /json no implementada
[2023-01-12T17:40:16.772] [WARN] default - Ruta GET /json/version no implementada
[2023-01-12T17:40:16.777] [WARN] default - Ruta GET /json no implementada
[2023-01-12T17:40:17.654] [WARN] default - Ruta GET /json/version no implementada
[2023-01-12T17:40:17.656] [WARN] default - Ruta GET /json no implementada
[2023-01-12T17:40:17.795] [WARN] default - Ruta GET /json/version no implementada
[2023-01-12T17:40:17.797] [WARN] default - Ruta GET /json no implementada
[2023-01-12T17:40:18.815] [WARN] default - Ruta GET /json/version no implementada
[2023-01-12T17:40:18.818] [WARN] default - Ruta GET /json no implementada
[2023-01-12T17:40:19.838] [WARN] default - Ruta GET /json/version no implementada
[2023-01-12T17:40:19.841] [WARN] default - Ruta GET /json no implementada
[2023-01-12T17:40:20.856] [WARN] default - Ruta GET /json/version no implementada
[2023-01-12T17:40:20.859] [WARN] default - Ruta GET /json no implementada
[2023-01-12T17:40:21.875] [WARN] default - Ruta GET /json/version no implementada
[2023-01-12T17:40:21.878] [WARN] default - Ruta GET /json no implementada
[2023-01-12T17:40:22.896] [WARN] default - Ruta GET /json/version no implementada
[2023-01-12T17:40:22.899] [WARN] default - Ruta GET /json no implementada
[2023-01-12T17:40:23.912] [WARN] default - Ruta GET /json/version no implementada
[2023-01-12T17:40:23.915] [WARN] default - Ruta GET /json no implementada
[2023-01-12T17:40:24.864] [WARN] default - Ruta GET /json/version no implementada
[2023-01-12T17:40:24.866] [WARN] default - Ruta GET /json no implementada
[2023-01-12T17:40:24.927] [WARN] default - Ruta GET /json/version no implementada
[2023-01-12T17:40:24.928] [WARN] default - Ruta GET /json no implementada
[2023-01-12T17:40:25.947] [WARN] default - Ruta GET /json/version no implementada
[2023-01-12T17:40:25.950] [WARN] default - Ruta GET /json no implementada
[2023-01-12T17:40:26.954] [WARN] default - Ruta GET /json/version no implementada
[2023-01-12T17:40:26.957] [WARN] default - Ruta GET /json no implementada
[2023-01-12T17:40:27.969] [WARN] default - Ruta GET /json/version no implementada
[2023-01-12T17:40:27.972] [WARN] default - Ruta GET /json no implementada
[2023-01-12T17:40:28.990] [WARN] default - Ruta GET /json/version no implementada
[2023-01-12T17:40:28.992] [WARN] default - Ruta GET /json no implementada
[2023-01-12T17:40:30.007] [WARN] default - Ruta GET /json/version no implementada
[2023-01-12T17:40:30.009] [WARN] default - Ruta GET /json no implementada
[2023-01-12T17:40:39.116] [WARN] default - Ruta GET /json no implementada
[2023-01-12T17:40:39.235] [WARN] default - Ruta GET /json no implementada
[2023-01-12T17:40:40.130] [WARN] default - Ruta GET /json/version no implementada
[2023-01-12T17:40:40.132] [WARN] default - Ruta GET /json no implementada
[2023-01-12T17:40:41.136] [WARN] default - Ruta GET /json/version no implementada
[2023-01-12T17:40:41.139] [WARN] default - Ruta GET /json no implementada
[2023-01-12T17:40:42.157] [WARN] default - Ruta GET /json/version no implementada
[2023-01-12T17:40:42.161] [WARN] default - Ruta GET /json no implementada
[2023-01-12T17:40:42.263] [WARN] default - Ruta GET /json/version no implementada
[2023-01-12T17:40:42.266] [WARN] default - Ruta GET /json no implementada
[2023-01-12T17:40:43.172] [WARN] default - Ruta GET /json/version no implementada
[2023-01-12T17:40:43.175] [WARN] default - Ruta GET /json no implementada
[2023-01-12T17:40:44.187] [WARN] default - Ruta GET /json/version no implementada
[2023-01-12T17:40:44.191] [WARN] default - Ruta GET /json no implementada
[2023-01-12T17:40:45.213] [WARN] default - Ruta GET /json/version no implementada
[2023-01-12T17:40:45.214] [WARN] default - Ruta GET /json no implementada
[2023-01-12T17:40:46.237] [WARN] default - Ruta GET /json/version no implementada
[2023-01-12T17:40:46.241] [WARN] default - Ruta GET /json no implementada
[2023-01-12T17:40:47.252] [WARN] default - Ruta GET /json/version no implementada
[2023-01-12T17:40:47.255] [WARN] default - Ruta GET /json no implementada
[2023-01-12T17:40:48.261] [WARN] default - Ruta GET /json/version no implementada
[2023-01-12T17:40:48.264] [WARN] default - Ruta GET /json no implementada
[2023-01-12T17:40:49.279] [WARN] default - Ruta GET /json/version no implementada
[2023-01-12T17:40:49.281] [WARN] default - Ruta GET /json no implementada
[2023-01-12T17:40:49.453] [WARN] default - Ruta GET /json/version no implementada
[2023-01-12T17:40:49.455] [WARN] default - Ruta GET /json no implementada
[2023-01-12T17:40:50.292] [WARN] default - Ruta GET /json/version no implementada
[2023-01-12T17:40:50.295] [WARN] default - Ruta GET /json no implementada
[2023-01-12T17:40:51.298] [WARN] default - Ruta GET /json/version no implementada
[2023-01-12T17:40:51.300] [WARN] default - Ruta GET /json no implementada
[2023-01-12T17:40:52.309] [WARN] default - Ruta GET /json/version no implementada
[2023-01-12T17:40:52.314] [WARN] default - Ruta GET /json no implementada
[2023-01-12T17:40:53.326] [WARN] default - Ruta GET /json/version no implementada
[2023-01-12T17:40:53.328] [WARN] default - Ruta GET /json no implementada
[2023-01-12T17:40:54.339] [WARN] default - Ruta GET /json/version no implementada
[2023-01-12T17:40:54.341] [WARN] default - Ruta GET /json no implementada
[2023-01-12T17:40:55.347] [WARN] default - Ruta GET /json/version no implementada
[2023-01-12T17:40:55.350] [WARN] default - Ruta GET /json no implementada
[2023-01-12T17:40:56.356] [WARN] default - Ruta GET /json/version no implementada
[2023-01-12T17:40:56.361] [WARN] default - Ruta GET /json no implementada
[2023-01-12T17:40:56.732] [WARN] default - Ruta GET /json/version no implementada
[2023-01-12T17:40:56.736] [WARN] default - Ruta GET /json no implementada
[2023-01-12T17:40:57.375] [WARN] default - Ruta GET /json/version no implementada
[2023-01-12T17:40:57.377] [WARN] default - Ruta GET /json no implementada
[2023-01-12T17:40:58.387] [WARN] default - Ruta GET /json/version no implementada
[2023-01-12T17:40:58.392] [WARN] default - Ruta GET /json no implementada
[2023-01-12T17:40:59.405] [WARN] default - Ruta GET /json/version no implementada
[2023-01-12T17:40:59.407] [WARN] default - Ruta GET /json no implementada
[2023-01-12T17:41:00.422] [WARN] default - Ruta GET /json/version no implementada
[2023-01-12T17:41:00.426] [WARN] default - Ruta GET /json no implementada
[2023-01-12T17:41:01.434] [WARN] default - Ruta GET /json/version no implementada
[2023-01-12T17:41:01.437] [WARN] default - Ruta GET /json no implementada
[2023-01-12T17:41:02.441] [WARN] default - Ruta GET /json/version no implementada
[2023-01-12T17:41:02.444] [WARN] default - Ruta GET /json no implementada
[2023-01-12T17:41:03.450] [WARN] default - Ruta GET /json/version no implementada
[2023-01-12T17:41:03.453] [WARN] default - Ruta GET /json no implementada
[2023-01-12T17:41:03.940] [WARN] default - Ruta GET /json/version no implementada
[2023-01-12T17:41:03.942] [WARN] default - Ruta GET /json no implementada
[2023-01-12T17:41:04.461] [WARN] default - Ruta GET /json/version no implementada
[2023-01-12T17:41:04.464] [WARN] default - Ruta GET /json no implementada
[2023-01-12T17:41:05.475] [WARN] default - Ruta GET /json/version no implementada
[2023-01-12T17:41:05.477] [WARN] default - Ruta GET /json no implementada
[2023-01-12T17:41:06.490] [WARN] default - Ruta GET /json/version no implementada
[2023-01-12T17:41:06.493] [WARN] default - Ruta GET /json no implementada
[2023-01-12T17:41:07.502] [WARN] default - Ruta GET /json/version no implementada
[2023-01-12T17:41:07.511] [WARN] default - Ruta GET /json no implementada
[2023-01-12T17:41:08.526] [WARN] default - Ruta GET /json/version no implementada
[2023-01-12T17:41:08.528] [WARN] default - Ruta GET /json no implementada
[2023-01-12T17:41:09.537] [WARN] default - Ruta GET /json/version no implementada
[2023-01-12T17:41:09.540] [WARN] default - Ruta GET /json no implementada
[2023-01-12T17:41:10.546] [WARN] default - Ruta GET /json/version no implementada
[2023-01-12T17:41:10.547] [WARN] default - Ruta GET /json no implementada
[2023-01-12T17:41:11.204] [WARN] default - Ruta GET /json/version no implementada
[2023-01-12T17:41:11.209] [WARN] default - Ruta GET /json no implementada
[2023-01-12T17:41:11.558] [WARN] default - Ruta GET /json/version no implementada
[2023-01-12T17:41:11.560] [WARN] default - Ruta GET /json no implementada
[2023-01-12T17:41:12.568] [WARN] default - Ruta GET /json/version no implementada
[2023-01-12T17:41:12.570] [WARN] default - Ruta GET /json no implementada
[2023-01-12T17:41:13.582] [WARN] default - Ruta GET /json/version no implementada
[2023-01-12T17:41:13.583] [WARN] default - Ruta GET /json no implementada
[2023-01-12T17:41:14.599] [WARN] default - Ruta GET /json/version no implementada
[2023-01-12T17:41:14.601] [WARN] default - Ruta GET /json no implementada
[2023-01-12T17:41:15.608] [WARN] default - Ruta GET /json/version no implementada
[2023-01-12T17:41:15.610] [WARN] default - Ruta GET /json no implementada
[2023-01-12T17:41:16.629] [WARN] default - Ruta GET /json/version no implementada
[2023-01-12T17:41:16.631] [WARN] default - Ruta GET /json no implementada
[2023-01-12T17:41:17.641] [WARN] default - Ruta GET /json/version no implementada
[2023-01-12T17:41:17.643] [WARN] default - Ruta GET /json no implementada
[2023-01-12T17:41:18.377] [WARN] default - Ruta GET /json/version no implementada
[2023-01-12T17:41:18.381] [WARN] default - Ruta GET /json no implementada
[2023-01-12T17:41:18.658] [WARN] default - Ruta GET /json/version no implementada
[2023-01-12T17:41:18.660] [WARN] default - Ruta GET /json no implementada
[2023-01-12T17:41:19.674] [WARN] default - Ruta GET /json/version no implementada
[2023-01-12T17:41:19.676] [WARN] default - Ruta GET /json no implementada
[2023-01-12T17:42:47.061] [WARN] default - Ruta GET /json/version no implementada
[2023-01-12T17:42:47.071] [WARN] default - Ruta GET /json no implementada
[2023-01-12T17:42:49.781] [WARN] default - Ruta GET /json/version no implementada
[2023-01-12T17:42:49.786] [WARN] default - Ruta GET /json no implementada
[2023-01-12T17:42:50.793] [WARN] default - Ruta GET /json/version no implementada
[2023-01-12T17:42:50.797] [WARN] default - Ruta GET /json no implementada
[2023-01-12T17:42:51.804] [WARN] default - Ruta GET /json/version no implementada
[2023-01-12T17:42:51.807] [WARN] default - Ruta GET /json no implementada
[2023-01-12T17:42:52.823] [WARN] default - Ruta GET /json/version no implementada
[2023-01-12T17:42:52.825] [WARN] default - Ruta GET /json no implementada
[2023-01-12T17:42:53.833] [WARN] default - Ruta GET /json/version no implementada
[2023-01-12T17:42:53.837] [WARN] default - Ruta GET /json no implementada
[2023-01-12T17:42:54.302] [WARN] default - Ruta GET /json/version no implementada
[2023-01-12T17:42:54.306] [WARN] default - Ruta GET /json no implementada
[2023-01-12T17:42:54.851] [WARN] default - Ruta GET /json/version no implementada
[2023-01-12T17:42:54.853] [WARN] default - Ruta GET /json no implementada
[2023-01-12T17:42:55.857] [WARN] default - Ruta GET /json/version no implementada
[2023-01-12T17:42:55.859] [WARN] default - Ruta GET /json no implementada
[2023-01-12T17:42:56.867] [WARN] default - Ruta GET /json/version no implementada
[2023-01-12T17:42:56.869] [WARN] default - Ruta GET /json no implementada
[2023-01-12T17:42:57.880] [WARN] default - Ruta GET /json/version no implementada
[2023-01-12T17:42:57.884] [WARN] default - Ruta GET /json no implementada
[2023-01-12T17:42:58.893] [WARN] default - Ruta GET /json/version no implementada
[2023-01-12T17:42:58.896] [WARN] default - Ruta GET /json no implementada
[2023-01-12T17:42:59.920] [WARN] default - Ruta GET /json/version no implementada
[2023-01-12T17:42:59.923] [WARN] default - Ruta GET /json no implementada
[2023-01-12T17:43:00.940] [WARN] default - Ruta GET /json/version no implementada
[2023-01-12T17:43:00.942] [WARN] default - Ruta GET /json no implementada
[2023-01-12T17:43:01.458] [WARN] default - Ruta GET /json/version no implementada
[2023-01-12T17:43:01.462] [WARN] default - Ruta GET /json no implementada
[2023-01-12T17:43:01.952] [WARN] default - Ruta GET /json/version no implementada
[2023-01-12T17:43:01.954] [WARN] default - Ruta GET /json no implementada
[2023-01-12T17:43:02.960] [WARN] default - Ruta GET /json/version no implementada
[2023-01-12T17:43:02.963] [WARN] default - Ruta GET /json no implementada
[2023-01-12T17:43:03.973] [WARN] default - Ruta GET /json/version no implementada
[2023-01-12T17:43:03.975] [WARN] default - Ruta GET /json no implementada
[2023-01-12T17:43:04.987] [WARN] default - Ruta GET /json/version no implementada
[2023-01-12T17:43:04.989] [WARN] default - Ruta GET /json no implementada
[2023-01-12T17:43:06.008] [WARN] default - Ruta GET /json/version no implementada
[2023-01-12T17:43:06.009] [WARN] default - Ruta GET /json no implementada
[2023-01-12T17:43:07.015] [WARN] default - Ruta GET /json/version no implementada
[2023-01-12T17:43:07.017] [WARN] default - Ruta GET /json no implementada
[2023-01-12T17:43:08.039] [WARN] default - Ruta GET /json/version no implementada
[2023-01-12T17:43:08.041] [WARN] default - Ruta GET /json no implementada
[2023-01-12T17:43:08.608] [WARN] default - Ruta GET /json/version no implementada
[2023-01-12T17:43:08.610] [WARN] default - Ruta GET /json no implementada
[2023-01-12T17:43:09.059] [WARN] default - Ruta GET /json/version no implementada
[2023-01-12T17:43:09.062] [WARN] default - Ruta GET /json no implementada
[2023-01-12T17:43:10.067] [WARN] default - Ruta GET /json/version no implementada
[2023-01-12T17:43:10.068] [WARN] default - Ruta GET /json no implementada
[2023-01-12T17:43:11.073] [WARN] default - Ruta GET /json/version no implementada
[2023-01-12T17:43:11.075] [WARN] default - Ruta GET /json no implementada
[2023-01-12T17:43:12.079] [WARN] default - Ruta GET /json/version no implementada
[2023-01-12T17:43:12.081] [WARN] default - Ruta GET /json no implementada
[2023-01-12T17:43:28.665] [WARN] default - Ruta GET /json/version no implementada
[2023-01-12T17:43:28.667] [WARN] default - Ruta GET /json no implementada
[2023-01-12T17:43:29.680] [WARN] default - Ruta GET /json/version no implementada
[2023-01-12T17:43:29.681] [WARN] default - Ruta GET /json no implementada
[2023-01-12T17:43:30.686] [WARN] default - Ruta GET /json/version no implementada
[2023-01-12T17:43:30.687] [WARN] default - Ruta GET /json/version no implementada
[2023-01-12T17:43:30.690] [WARN] default - Ruta GET /json no implementada
[2023-01-12T17:43:30.691] [WARN] default - Ruta GET /json no implementada
[2023-01-12T17:43:31.705] [WARN] default - Ruta GET /json/version no implementada
[2023-01-12T17:43:31.706] [WARN] default - Ruta GET /json no implementada
[2023-01-12T17:43:32.710] [WARN] default - Ruta GET /json/version no implementada
[2023-01-12T17:43:32.712] [WARN] default - Ruta GET /json no implementada
[2023-01-12T17:43:33.718] [WARN] default - Ruta GET /json/version no implementada
[2023-01-12T17:43:33.720] [WARN] default - Ruta GET /json no implementada
[2023-01-12T17:43:33.734] [WARN] default - Ruta GET /json/version no implementada
[2023-01-12T17:43:33.735] [WARN] default - Ruta GET /json no implementada
[2023-01-12T17:43:34.734] [WARN] default - Ruta GET /json/version no implementada
[2023-01-12T17:43:34.736] [WARN] default - Ruta GET /json no implementada
[2023-01-12T17:43:35.742] [WARN] default - Ruta GET /json/version no implementada
[2023-01-12T17:43:35.743] [WARN] default - Ruta GET /json no implementada
[2023-01-12T17:43:36.750] [WARN] default - Ruta GET /json/version no implementada
[2023-01-12T17:43:36.752] [WARN] default - Ruta GET /json no implementada
[2023-01-12T17:43:37.770] [WARN] default - Ruta GET /json/version no implementada
[2023-01-12T17:43:37.772] [WARN] default - Ruta GET /json no implementada
[2023-01-12T17:43:38.782] [WARN] default - Ruta GET /json/version no implementada
[2023-01-12T17:43:38.783] [WARN] default - Ruta GET /json no implementada
[2023-01-12T17:43:39.793] [WARN] default - Ruta GET /json/version no implementada
[2023-01-12T17:43:39.795] [WARN] default - Ruta GET /json no implementada
[2023-01-12T17:43:40.799] [WARN] default - Ruta GET /json/version no implementada
[2023-01-12T17:43:40.802] [WARN] default - Ruta GET /json no implementada
[2023-01-12T17:43:40.908] [WARN] default - Ruta GET /json/version no implementada
[2023-01-12T17:43:40.909] [WARN] default - Ruta GET /json no implementada
[2023-01-12T17:43:41.815] [WARN] default - Ruta GET /json/version no implementada
[2023-01-12T17:43:41.817] [WARN] default - Ruta GET /json no implementada
[2023-01-12T17:43:42.822] [WARN] default - Ruta GET /json/version no implementada
[2023-01-12T17:43:42.824] [WARN] default - Ruta GET /json no implementada
[2023-01-12T17:43:43.840] [WARN] default - Ruta GET /json/version no implementada
[2023-01-12T17:43:43.843] [WARN] default - Ruta GET /json no implementada
[2023-01-12T17:43:44.846] [WARN] default - Ruta GET /json/version no implementada
[2023-01-12T17:43:44.847] [WARN] default - Ruta GET /json no implementada
[2023-01-12T17:43:45.865] [WARN] default - Ruta GET /json/version no implementada
[2023-01-12T17:43:45.867] [WARN] default - Ruta GET /json no implementada
[2023-01-12T17:43:46.885] [WARN] default - Ruta GET /json/version no implementada
[2023-01-12T17:43:46.887] [WARN] default - Ruta GET /json no implementada
[2023-01-12T17:43:47.902] [WARN] default - Ruta GET /json/version no implementada
[2023-01-12T17:43:47.904] [WARN] default - Ruta GET /json no implementada
[2023-01-12T17:43:48.185] [WARN] default - Ruta GET /json/version no implementada
[2023-01-12T17:43:48.187] [WARN] default - Ruta GET /json no implementada
[2023-01-12T17:43:48.925] [WARN] default - Ruta GET /json/version no implementada
[2023-01-12T17:43:48.928] [WARN] default - Ruta GET /json no implementada
[2023-01-12T17:43:49.951] [WARN] default - Ruta GET /json/version no implementada
[2023-01-12T17:43:49.952] [WARN] default - Ruta GET /json no implementada
[2023-01-12T17:43:51.052] [WARN] default - Ruta GET /json/version no implementada
[2023-01-12T17:43:51.074] [WARN] default - Ruta GET /json no implementada
[2023-01-12T17:43:52.162] [WARN] default - Ruta GET /json/version no implementada
[2023-01-12T17:43:52.168] [WARN] default - Ruta GET /json no implementada
[2023-01-12T17:43:53.246] [WARN] default - Ruta GET /json/version no implementada
[2023-01-12T17:43:53.255] [WARN] default - Ruta GET /json no implementada
[2023-01-12T17:43:54.317] [WARN] default - Ruta GET /json/version no implementada
[2023-01-12T17:43:54.327] [WARN] default - Ruta GET /json no implementada
[2023-01-12T17:43:55.377] [WARN] default - Ruta GET /json/version no implementada
[2023-01-12T17:43:55.391] [WARN] default - Ruta GET /json no implementada
[2023-01-12T17:43:55.445] [WARN] default - Ruta GET /json/version no implementada
[2023-01-12T17:43:55.485] [WARN] default - Ruta GET /json no implementada
[2023-01-12T17:43:56.435] [WARN] default - Ruta GET /json/version no implementada
[2023-01-12T17:43:56.457] [WARN] default - Ruta GET /json no implementada
[2023-01-12T17:43:57.484] [WARN] default - Ruta GET /json/version no implementada
[2023-01-12T17:43:57.524] [WARN] default - Ruta GET /json no implementada
[2023-01-12T17:43:58.568] [WARN] default - Ruta GET /json/version no implementada
[2023-01-12T17:43:58.604] [WARN] default - Ruta GET /json no implementada
[2023-01-12T17:43:59.621] [WARN] default - Ruta GET /json/version no implementada
[2023-01-12T17:43:59.636] [WARN] default - Ruta GET /json no implementada
[2023-01-12T17:44:00.675] [WARN] default - Ruta GET /json/version no implementada
[2023-01-12T17:44:00.704] [WARN] default - Ruta GET /json no implementada
[2023-01-12T17:44:01.777] [WARN] default - Ruta GET /json/version no implementada
[2023-01-12T17:44:01.788] [WARN] default - Ruta GET /json no implementada
[2023-01-12T17:44:02.562] [WARN] default - Ruta GET /json/version no implementada
[2023-01-12T17:44:02.589] [WARN] default - Ruta GET /json no implementada
[2023-01-12T17:44:02.837] [WARN] default - Ruta GET /json/version no implementada
[2023-01-12T17:44:02.848] [WARN] default - Ruta GET /json no implementada
[2023-01-12T17:44:03.871] [WARN] default - Ruta GET /json/version no implementada
[2023-01-12T17:44:03.898] [WARN] default - Ruta GET /json no implementada
[2023-01-12T17:44:04.932] [WARN] default - Ruta GET /json/version no implementada
[2023-01-12T17:44:04.970] [WARN] default - Ruta GET /json no implementada
[2023-01-12T17:44:06.034] [WARN] default - Ruta GET /json/version no implementada
[2023-01-12T17:44:06.044] [WARN] default - Ruta GET /json no implementada
[2023-01-12T17:44:07.071] [WARN] default - Ruta GET /json/version no implementada
[2023-01-12T17:44:07.098] [WARN] default - Ruta GET /json no implementada
[2023-01-12T17:44:08.110] [WARN] default - Ruta GET /json/version no implementada
[2023-01-12T17:44:08.139] [WARN] default - Ruta GET /json no implementada
[2023-01-12T17:44:09.163] [WARN] default - Ruta GET /json/version no implementada
[2023-01-12T17:44:09.193] [WARN] default - Ruta GET /json no implementada
[2023-01-12T17:44:09.784] [WARN] default - Ruta GET /json/version no implementada
[2023-01-12T17:44:09.815] [WARN] default - Ruta GET /json no implementada
[2023-01-12T17:44:10.212] [WARN] default - Ruta GET /json/version no implementada
[2023-01-12T17:44:10.239] [WARN] default - Ruta GET /json no implementada
[2023-01-12T17:44:11.261] [WARN] default - Ruta GET /json/version no implementada
[2023-01-12T17:44:11.263] [WARN] default - Ruta GET /json no implementada
[2023-01-12T17:44:12.270] [WARN] default - Ruta GET /json/version no implementada
[2023-01-12T17:44:12.273] [WARN] default - Ruta GET /json no implementada
[2023-01-12T17:44:13.290] [WARN] default - Ruta GET /json/version no implementada
[2023-01-12T17:44:13.292] [WARN] default - Ruta GET /json no implementada
[2023-01-12T17:44:16.896] [WARN] default - Ruta GET /json/version no implementada
[2023-01-12T17:44:16.899] [WARN] default - Ruta GET /json no implementada
[2023-01-12T17:44:24.064] [WARN] default - Ruta GET /json/version no implementada
[2023-01-12T17:44:24.066] [WARN] default - Ruta GET /json no implementada
[2023-01-12T17:44:31.254] [WARN] default - Ruta GET /json/version no implementada
[2023-01-12T17:44:31.256] [WARN] default - Ruta GET /json no implementada
[2023-01-12T17:44:38.400] [WARN] default - Ruta GET /json/version no implementada
[2023-01-12T17:44:38.401] [WARN] default - Ruta GET /json no implementada
[2023-01-12T17:44:45.530] [WARN] default - Ruta GET /json/version no implementada
[2023-01-12T17:44:45.533] [WARN] default - Ruta GET /json no implementada
[2023-01-12T17:44:52.675] [WARN] default - Ruta GET /json/version no implementada
[2023-01-12T17:44:52.678] [WARN] default - Ruta GET /json no implementada
[2023-01-12T17:44:59.843] [WARN] default - Ruta GET /json/version no implementada
[2023-01-12T17:44:59.846] [WARN] default - Ruta GET /json no implementada
[2023-01-12T17:45:07.002] [WARN] default - Ruta GET /json/version no implementada
[2023-01-12T17:45:07.004] [WARN] default - Ruta GET /json no implementada
[2023-01-12T17:45:14.274] [WARN] default - Ruta GET /json/version no implementada
[2023-01-12T17:45:14.275] [WARN] default - Ruta GET /json no implementada
[2023-01-12T17:45:21.469] [WARN] default - Ruta GET /json/version no implementada
[2023-01-12T17:45:21.471] [WARN] default - Ruta GET /json no implementada
[2023-01-12T17:45:28.745] [WARN] default - Ruta GET /json/version no implementada
[2023-01-12T17:45:28.747] [WARN] default - Ruta GET /json no implementada
[2023-01-12T17:45:35.950] [WARN] default - Ruta GET /json/version no implementada
[2023-01-12T17:45:35.953] [WARN] default - Ruta GET /json no implementada
[2023-01-12T17:45:43.139] [WARN] default - Ruta GET /json/version no implementada
[2023-01-12T17:45:43.142] [WARN] default - Ruta GET /json no implementada
[2023-01-12T17:45:50.327] [WARN] default - Ruta GET /json/version no implementada
[2023-01-12T17:45:50.330] [WARN] default - Ruta GET /json no implementada
[2023-01-12T17:45:57.535] [WARN] default - Ruta GET /json/version no implementada
[2023-01-12T17:45:57.538] [WARN] default - Ruta GET /json no implementada
[2023-01-12T17:46:04.755] [WARN] default - Ruta GET /json/version no implementada
[2023-01-12T17:46:04.757] [WARN] default - Ruta GET /json no implementada
[2023-01-12T17:46:11.975] [WARN] default - Ruta GET /json/version no implementada
[2023-01-12T17:46:11.978] [WARN] default - Ruta GET /json no implementada
[2023-01-12T17:46:19.144] [WARN] default - Ruta GET /json/version no implementada
[2023-01-12T17:46:19.147] [WARN] default - Ruta GET /json no implementada
[2023-01-12T17:46:26.276] [WARN] default - Ruta GET /json/version no implementada
[2023-01-12T17:46:26.278] [WARN] default - Ruta GET /json no implementada
[2023-01-12T17:46:33.471] [WARN] default - Ruta GET /json/version no implementada
[2023-01-12T17:46:33.475] [WARN] default - Ruta GET /json no implementada
[2023-01-12T17:46:40.693] [WARN] default - Ruta GET /json/version no implementada
[2023-01-12T17:46:40.696] [WARN] default - Ruta GET /json no implementada
[2023-01-12T17:46:47.895] [WARN] default - Ruta GET /json/version no implementada
[2023-01-12T17:46:47.897] [WARN] default - Ruta GET /json no implementada
[2023-01-12T17:46:55.222] [WARN] default - Ruta GET /json/version no implementada
[2023-01-12T17:46:55.223] [WARN] default - Ruta GET /json no implementada
[2023-01-12T17:47:02.438] [WARN] default - Ruta GET /json/version no implementada
[2023-01-12T17:47:02.440] [WARN] default - Ruta GET /json no implementada
[2023-01-12T17:47:09.786] [WARN] default - Ruta GET /json/version no implementada
[2023-01-12T17:47:09.788] [WARN] default - Ruta GET /json no implementada
[2023-01-12T17:47:16.955] [WARN] default - Ruta GET /json/version no implementada
[2023-01-12T17:47:16.956] [WARN] default - Ruta GET /json no implementada
[2023-01-12T17:47:24.102] [WARN] default - Ruta GET /json/version no implementada
[2023-01-12T17:47:24.104] [WARN] default - Ruta GET /json no implementada
[2023-01-12T17:47:31.324] [WARN] default - Ruta GET /json/version no implementada
[2023-01-12T17:47:31.325] [WARN] default - Ruta GET /json no implementada
[2023-01-12T17:47:38.523] [WARN] default - Ruta GET /json/version no implementada
[2023-01-12T17:47:38.525] [WARN] default - Ruta GET /json no implementada
[2023-01-12T17:47:45.877] [WARN] default - Ruta GET /json/version no implementada
[2023-01-12T17:47:45.880] [WARN] default - Ruta GET /json no implementada
[2023-01-12T17:47:53.063] [WARN] default - Ruta GET /json/version no implementada
[2023-01-12T17:47:53.066] [WARN] default - Ruta GET /json no implementada
[2023-01-12T17:48:00.355] [WARN] default - Ruta GET /json/version no implementada
[2023-01-12T17:48:00.357] [WARN] default - Ruta GET /json no implementada
[2023-01-12T17:48:07.536] [WARN] default - Ruta GET /json/version no implementada
[2023-01-12T17:48:07.537] [WARN] default - Ruta GET /json no implementada
[2023-01-12T17:48:14.850] [WARN] default - Ruta GET /json/version no implementada
[2023-01-12T17:48:14.851] [WARN] default - Ruta GET /json no implementada
[2023-01-12T17:48:22.048] [WARN] default - Ruta GET /json/version no implementada
[2023-01-12T17:48:22.049] [WARN] default - Ruta GET /json no implementada
[2023-01-12T17:48:29.222] [WARN] default - Ruta GET /json/version no implementada
[2023-01-12T17:48:29.224] [WARN] default - Ruta GET /json no implementada
[2023-01-12T17:48:36.423] [WARN] default - Ruta GET /json/version no implementada
[2023-01-12T17:48:36.426] [WARN] default - Ruta GET /json no implementada
[2023-01-12T17:48:43.711] [WARN] default - Ruta GET /json/version no implementada
[2023-01-12T17:48:43.714] [WARN] default - Ruta GET /json no implementada
[2023-01-12T17:48:50.906] [WARN] default - Ruta GET /json/version no implementada
[2023-01-12T17:48:50.908] [WARN] default - Ruta GET /json no implementada
[2023-01-12T17:48:58.111] [WARN] default - Ruta GET /json/version no implementada
[2023-01-12T17:48:58.114] [WARN] default - Ruta GET /json no implementada
[2023-01-12T17:49:05.313] [WARN] default - Ruta GET /json/version no implementada
[2023-01-12T17:49:05.315] [WARN] default - Ruta GET /json no implementada
[2023-01-12T17:49:12.702] [WARN] default - Ruta GET /json/version no implementada
[2023-01-12T17:49:12.703] [WARN] default - Ruta GET /json no implementada
[2023-01-12T17:49:19.867] [WARN] default - Ruta GET /json/version no implementada
[2023-01-12T17:49:19.870] [WARN] default - Ruta GET /json no implementada
[2023-01-12T17:49:27.090] [WARN] default - Ruta GET /json/version no implementada
[2023-01-12T17:49:27.093] [WARN] default - Ruta GET /json no implementada
[2023-01-12T17:49:34.269] [WARN] default - Ruta GET /json/version no implementada
[2023-01-12T17:49:34.273] [WARN] default - Ruta GET /json no implementada
[2023-01-12T17:49:41.445] [WARN] default - Ruta GET /json/version no implementada
[2023-01-12T17:49:41.450] [WARN] default - Ruta GET /json no implementada
[2023-01-12T17:49:48.614] [WARN] default - Ruta GET /json/version no implementada
[2023-01-12T17:49:48.617] [WARN] default - Ruta GET /json no implementada
[2023-01-12T17:49:55.802] [WARN] default - Ruta GET /json/version no implementada
[2023-01-12T17:49:55.805] [WARN] default - Ruta GET /json no implementada
[2023-01-12T17:50:03.094] [WARN] default - Ruta GET /json/version no implementada
[2023-01-12T17:50:03.097] [WARN] default - Ruta GET /json no implementada
[2023-01-12T17:50:10.263] [WARN] default - Ruta GET /json/version no implementada
[2023-01-12T17:50:10.265] [WARN] default - Ruta GET /json no implementada
[2023-01-12T17:50:17.461] [WARN] default - Ruta GET /json/version no implementada
[2023-01-12T17:50:17.463] [WARN] default - Ruta GET /json no implementada
[2023-01-12T17:50:24.599] [WARN] default - Ruta GET /json/version no implementada
[2023-01-12T17:50:24.601] [WARN] default - Ruta GET /json no implementada
[2023-01-12T17:50:31.759] [WARN] default - Ruta GET /json/version no implementada
[2023-01-12T17:50:31.762] [WARN] default - Ruta GET /json no implementada
[2023-01-12T17:50:39.036] [WARN] default - Ruta GET /json/version no implementada
[2023-01-12T17:50:39.038] [WARN] default - Ruta GET /json no implementada
[2023-01-12T17:50:46.171] [WARN] default - Ruta GET /json/version no implementada
[2023-01-12T17:50:46.173] [WARN] default - Ruta GET /json no implementada
[2023-01-12T17:50:53.346] [WARN] default - Ruta GET /json/version no implementada
[2023-01-12T17:50:53.348] [WARN] default - Ruta GET /json no implementada
[2023-01-12T17:51:00.496] [WARN] default - Ruta GET /json/version no implementada
[2023-01-12T17:51:00.497] [WARN] default - Ruta GET /json no implementada
[2023-01-12T17:51:07.653] [WARN] default - Ruta GET /json/version no implementada
[2023-01-12T17:51:07.656] [WARN] default - Ruta GET /json no implementada
[2023-01-12T17:51:14.837] [WARN] default - Ruta GET /json/version no implementada
[2023-01-12T17:51:14.840] [WARN] default - Ruta GET /json no implementada
[2023-01-12T17:51:22.068] [WARN] default - Ruta GET /json/version no implementada
[2023-01-12T17:51:22.070] [WARN] default - Ruta GET /json no implementada
[2023-01-12T17:51:29.256] [WARN] default - Ruta GET /json/version no implementada
[2023-01-12T17:51:29.257] [WARN] default - Ruta GET /json no implementada
[2023-01-12T17:51:36.471] [WARN] default - Ruta GET /json/version no implementada
[2023-01-12T17:51:36.473] [WARN] default - Ruta GET /json no implementada
[2023-01-12T17:51:43.670] [WARN] default - Ruta GET /json/version no implementada
[2023-01-12T17:51:43.673] [WARN] default - Ruta GET /json no implementada
[2023-01-12T17:51:50.948] [WARN] default - Ruta GET /json/version no implementada
[2023-01-12T17:51:50.949] [WARN] default - Ruta GET /json no implementada
[2023-01-12T17:51:58.111] [WARN] default - Ruta GET /json/version no implementada
[2023-01-12T17:51:58.114] [WARN] default - Ruta GET /json no implementada
[2023-01-12T17:52:05.262] [WARN] default - Ruta GET /json/version no implementada
[2023-01-12T17:52:05.264] [WARN] default - Ruta GET /json no implementada
[2023-01-12T17:52:12.565] [WARN] default - Ruta GET /json/version no implementada
[2023-01-12T17:52:12.567] [WARN] default - Ruta GET /json no implementada
[2023-01-12T17:52:19.782] [WARN] default - Ruta GET /json/version no implementada
[2023-01-12T17:52:19.784] [WARN] default - Ruta GET /json no implementada
[2023-01-12T17:52:26.946] [WARN] default - Ruta GET /json/version no implementada
[2023-01-12T17:52:26.947] [WARN] default - Ruta GET /json no implementada
[2023-01-12T17:52:34.111] [WARN] default - Ruta GET /json/version no implementada
[2023-01-12T17:52:34.112] [WARN] default - Ruta GET /json no implementada
[2023-01-12T17:52:41.275] [WARN] default - Ruta GET /json/version no implementada
[2023-01-12T17:52:41.276] [WARN] default - Ruta GET /json no implementada
[2023-01-12T17:52:48.447] [WARN] default - Ruta GET /json/version no implementada
[2023-01-12T17:52:48.448] [WARN] default - Ruta GET /json no implementada
[2023-01-12T17:52:55.613] [WARN] default - Ruta GET /json/version no implementada
[2023-01-12T17:52:55.615] [WARN] default - Ruta GET /json no implementada
[2023-01-12T17:53:02.789] [WARN] default - Ruta GET /json/version no implementada
[2023-01-12T17:53:02.791] [WARN] default - Ruta GET /json no implementada
[2023-01-12T17:53:10.021] [WARN] default - Ruta GET /json/version no implementada
[2023-01-12T17:53:10.023] [WARN] default - Ruta GET /json no implementada
[2023-01-12T17:53:17.179] [WARN] default - Ruta GET /json/version no implementada
[2023-01-12T17:53:17.180] [WARN] default - Ruta GET /json no implementada
[2023-01-12T17:53:24.394] [WARN] default - Ruta GET /json/version no implementada
[2023-01-12T17:53:24.395] [WARN] default - Ruta GET /json no implementada
[2023-01-12T17:53:31.840] [WARN] default - Ruta GET /json/version no implementada
[2023-01-12T17:53:31.842] [WARN] default - Ruta GET /json no implementada
[2023-01-12T17:53:38.977] [WARN] default - Ruta GET /json/version no implementada
[2023-01-12T17:53:38.980] [WARN] default - Ruta GET /json no implementada
[2023-01-12T17:53:46.205] [WARN] default - Ruta GET /json/version no implementada
[2023-01-12T17:53:46.208] [WARN] default - Ruta GET /json no implementada
[2023-01-12T17:53:53.359] [WARN] default - Ruta GET /json/version no implementada
[2023-01-12T17:53:53.361] [WARN] default - Ruta GET /json no implementada
[2023-01-12T17:54:00.750] [WARN] default - Ruta GET /json/version no implementada
[2023-01-12T17:54:00.753] [WARN] default - Ruta GET /json no implementada
[2023-01-12T17:54:08.083] [WARN] default - Ruta GET /json/version no implementada
[2023-01-12T17:54:08.085] [WARN] default - Ruta GET /json no implementada
[2023-01-12T17:54:15.397] [WARN] default - Ruta GET /json/version no implementada
[2023-01-12T17:54:15.400] [WARN] default - Ruta GET /json no implementada
[2023-01-12T17:54:22.749] [WARN] default - Ruta GET /json/version no implementada
[2023-01-12T17:54:22.751] [WARN] default - Ruta GET /json no implementada
[2023-01-12T17:54:29.924] [WARN] default - Ruta GET /json/version no implementada
[2023-01-12T17:54:29.926] [WARN] default - Ruta GET /json no implementada
[2023-01-12T17:54:37.137] [WARN] default - Ruta GET /json/version no implementada
[2023-01-12T17:54:37.139] [WARN] default - Ruta GET /json no implementada
[2023-01-12T17:54:44.310] [WARN] default - Ruta GET /json/version no implementada
[2023-01-12T17:54:44.312] [WARN] default - Ruta GET /json no implementada
[2023-01-12T17:54:51.482] [WARN] default - Ruta GET /json/version no implementada
[2023-01-12T17:54:51.484] [WARN] default - Ruta GET /json no implementada
[2023-01-12T17:54:58.766] [WARN] default - Ruta GET /json/version no implementada
[2023-01-12T17:54:58.769] [WARN] default - Ruta GET /json no implementada
[2023-01-12T17:55:06.178] [WARN] default - Ruta GET /json/version no implementada
[2023-01-12T17:55:06.180] [WARN] default - Ruta GET /json no implementada
[2023-01-12T17:55:13.480] [WARN] default - Ruta GET /json/version no implementada
[2023-01-12T17:55:13.483] [WARN] default - Ruta GET /json no implementada
[2023-01-12T17:55:20.657] [WARN] default - Ruta GET /json/version no implementada
[2023-01-12T17:55:20.660] [WARN] default - Ruta GET /json no implementada
[2023-01-12T17:55:27.822] [WARN] default - Ruta GET /json/version no implementada
[2023-01-12T17:55:27.824] [WARN] default - Ruta GET /json no implementada
[2023-01-12T17:55:35.040] [WARN] default - Ruta GET /json/version no implementada
[2023-01-12T17:55:35.042] [WARN] default - Ruta GET /json no implementada
[2023-01-12T17:55:42.265] [WARN] default - Ruta GET /json/version no implementada
[2023-01-12T17:55:42.267] [WARN] default - Ruta GET /json no implementada
[2023-01-12T17:55:49.657] [WARN] default - Ruta GET /json/version no implementada
[2023-01-12T17:55:49.659] [WARN] default - Ruta GET /json no implementada
[2023-01-12T17:55:57.081] [WARN] default - Ruta GET /json/version no implementada
[2023-01-12T17:55:57.084] [WARN] default - Ruta GET /json no implementada
[2023-01-12T17:56:04.340] [WARN] default - Ruta GET /json/version no implementada
[2023-01-12T17:56:04.343] [WARN] default - Ruta GET /json no implementada
[2023-01-12T17:56:11.633] [WARN] default - Ruta GET /json/version no implementada
[2023-01-12T17:56:11.635] [WARN] default - Ruta GET /json no implementada
[2023-01-12T17:56:18.832] [WARN] default - Ruta GET /json/version no implementada
[2023-01-12T17:56:18.834] [WARN] default - Ruta GET /json no implementada
[2023-01-12T17:56:26.005] [WARN] default - Ruta GET /json/version no implementada
[2023-01-12T17:56:26.007] [WARN] default - Ruta GET /json no implementada
[2023-01-12T17:56:33.289] [WARN] default - Ruta GET /json/version no implementada
[2023-01-12T17:56:33.291] [WARN] default - Ruta GET /json no implementada
[2023-01-12T17:56:40.510] [WARN] default - Ruta GET /json/version no implementada
[2023-01-12T17:56:40.512] [WARN] default - Ruta GET /json no implementada
[2023-01-12T17:56:47.691] [WARN] default - Ruta GET /json/version no implementada
[2023-01-12T17:56:47.693] [WARN] default - Ruta GET /json no implementada
[2023-01-12T17:56:54.954] [WARN] default - Ruta GET /json/version no implementada
[2023-01-12T17:56:54.957] [WARN] default - Ruta GET /json no implementada
[2023-01-12T17:57:02.156] [WARN] default - Ruta GET /json/version no implementada
[2023-01-12T17:57:02.158] [WARN] default - Ruta GET /json no implementada
[2023-01-12T17:57:09.383] [WARN] default - Ruta GET /json/version no implementada
[2023-01-12T17:57:09.385] [WARN] default - Ruta GET /json no implementada
[2023-01-12T17:57:16.563] [WARN] default - Ruta GET /json/version no implementada
[2023-01-12T17:57:16.565] [WARN] default - Ruta GET /json no implementada
[2023-01-12T17:57:23.766] [WARN] default - Ruta GET /json/version no implementada
[2023-01-12T17:57:23.767] [WARN] default - Ruta GET /json no implementada
[2023-01-12T17:57:31.065] [WARN] default - Ruta GET /json/version no implementada
[2023-01-12T17:57:31.066] [WARN] default - Ruta GET /json no implementada
[2023-01-12T17:57:38.236] [WARN] default - Ruta GET /json/version no implementada
[2023-01-12T17:57:38.237] [WARN] default - Ruta GET /json no implementada
[2023-01-12T17:57:45.617] [WARN] default - Ruta GET /json/version no implementada
[2023-01-12T17:57:45.621] [WARN] default - Ruta GET /json no implementada
[2023-01-12T17:57:52.931] [WARN] default - Ruta GET /json/version no implementada
[2023-01-12T17:57:52.932] [WARN] default - Ruta GET /json no implementada
[2023-01-12T17:58:00.106] [WARN] default - Ruta GET /json/version no implementada
[2023-01-12T17:58:00.108] [WARN] default - Ruta GET /json no implementada
[2023-01-12T17:58:07.372] [WARN] default - Ruta GET /json/version no implementada
[2023-01-12T17:58:07.373] [WARN] default - Ruta GET /json no implementada
[2023-01-12T17:58:14.571] [WARN] default - Ruta GET /json/version no implementada
[2023-01-12T17:58:14.572] [WARN] default - Ruta GET /json no implementada
[2023-01-12T17:58:21.756] [WARN] default - Ruta GET /json/version no implementada
[2023-01-12T17:58:21.759] [WARN] default - Ruta GET /json no implementada
[2023-01-12T17:58:28.934] [WARN] default - Ruta GET /json/version no implementada
[2023-01-12T17:58:28.936] [WARN] default - Ruta GET /json no implementada
[2023-01-12T17:58:36.101] [WARN] default - Ruta GET /json/version no implementada
[2023-01-12T17:58:36.104] [WARN] default - Ruta GET /json no implementada
[2023-01-12T17:58:43.296] [WARN] default - Ruta GET /json/version no implementada
[2023-01-12T17:58:43.299] [WARN] default - Ruta GET /json no implementada
[2023-01-12T17:58:50.492] [WARN] default - Ruta GET /json/version no implementada
[2023-01-12T17:58:50.494] [WARN] default - Ruta GET /json no implementada
[2023-01-12T17:58:57.668] [WARN] default - Ruta GET /json/version no implementada
[2023-01-12T17:58:57.671] [WARN] default - Ruta GET /json no implementada
[2023-01-12T17:59:04.844] [WARN] default - Ruta GET /json/version no implementada
[2023-01-12T17:59:04.846] [WARN] default - Ruta GET /json no implementada
[2023-01-12T17:59:12.018] [WARN] default - Ruta GET /json/version no implementada
[2023-01-12T17:59:12.020] [WARN] default - Ruta GET /json no implementada
[2023-01-12T17:59:19.193] [WARN] default - Ruta GET /json/version no implementada
[2023-01-12T17:59:19.195] [WARN] default - Ruta GET /json no implementada
[2023-01-12T17:59:26.603] [WARN] default - Ruta GET /json/version no implementada
[2023-01-12T17:59:26.605] [WARN] default - Ruta GET /json no implementada
[2023-01-12T17:59:33.736] [WARN] default - Ruta GET /json/version no implementada
[2023-01-12T17:59:33.738] [WARN] default - Ruta GET /json no implementada
[2023-01-12T17:59:41.015] [WARN] default - Ruta GET /json/version no implementada
[2023-01-12T17:59:41.019] [WARN] default - Ruta GET /json no implementada
[2023-01-12T17:59:48.427] [WARN] default - Ruta GET /json/version no implementada
[2023-01-12T17:59:48.429] [WARN] default - Ruta GET /json no implementada
[2023-01-12T17:59:55.789] [WARN] default - Ruta GET /json/version no implementada
[2023-01-12T17:59:55.790] [WARN] default - Ruta GET /json no implementada
[2023-01-12T18:00:03.110] [WARN] default - Ruta GET /json/version no implementada
[2023-01-12T18:00:03.112] [WARN] default - Ruta GET /json no implementada
[2023-01-12T18:00:10.292] [WARN] default - Ruta GET /json/version no implementada
[2023-01-12T18:00:10.294] [WARN] default - Ruta GET /json no implementada
[2023-01-12T18:00:17.544] [WARN] default - Ruta GET /json/version no implementada
[2023-01-12T18:00:17.548] [WARN] default - Ruta GET /json no implementada
[2023-01-12T18:00:24.736] [WARN] default - Ruta GET /json/version no implementada
[2023-01-12T18:00:24.738] [WARN] default - Ruta GET /json no implementada
[2023-01-12T18:00:31.906] [WARN] default - Ruta GET /json/version no implementada
[2023-01-12T18:00:31.908] [WARN] default - Ruta GET /json no implementada
[2023-01-12T18:00:39.210] [WARN] default - Ruta GET /json/version no implementada
[2023-01-12T18:00:39.212] [WARN] default - Ruta GET /json no implementada
[2023-01-12T18:00:46.370] [WARN] default - Ruta GET /json/version no implementada
[2023-01-12T18:00:46.372] [WARN] default - Ruta GET /json no implementada
[2023-01-12T18:00:53.549] [WARN] default - Ruta GET /json/version no implementada
[2023-01-12T18:00:53.551] [WARN] default - Ruta GET /json no implementada
[2023-01-12T18:01:00.726] [WARN] default - Ruta GET /json/version no implementada
[2023-01-12T18:01:00.728] [WARN] default - Ruta GET /json no implementada
[2023-01-12T18:01:08.008] [WARN] default - Ruta GET /json/version no implementada
[2023-01-12T18:01:08.010] [WARN] default - Ruta GET /json no implementada
[2023-01-12T18:01:15.183] [WARN] default - Ruta GET /json/version no implementada
[2023-01-12T18:01:15.185] [WARN] default - Ruta GET /json no implementada
[2023-01-12T18:01:22.387] [WARN] default - Ruta GET /json/version no implementada
[2023-01-12T18:01:22.389] [WARN] default - Ruta GET /json no implementada
[2023-01-12T18:01:29.669] [WARN] default - Ruta GET /json/version no implementada
[2023-01-12T18:01:29.671] [WARN] default - Ruta GET /json no implementada
[2023-01-12T18:01:36.927] [WARN] default - Ruta GET /json/version no implementada
[2023-01-12T18:01:36.930] [WARN] default - Ruta GET /json no implementada
[2023-01-12T18:01:44.092] [WARN] default - Ruta GET /json/version no implementada
[2023-01-12T18:01:44.094] [WARN] default - Ruta GET /json no implementada
[2023-01-12T18:01:51.308] [WARN] default - Ruta GET /json/version no implementada
[2023-01-12T18:01:51.309] [WARN] default - Ruta GET /json no implementada
[2023-01-12T18:01:58.589] [WARN] default - Ruta GET /json/version no implementada
[2023-01-12T18:01:58.591] [WARN] default - Ruta GET /json no implementada
[2023-01-12T18:02:05.766] [WARN] default - Ruta GET /json/version no implementada
[2023-01-12T18:02:05.769] [WARN] default - Ruta GET /json no implementada
[2023-01-12T18:02:18.929] [WARN] default - Ruta GET /json/version no implementada
[2023-01-12T18:02:18.931] [WARN] default - Ruta GET /json no implementada
[2023-01-12T18:02:26.082] [WARN] default - Ruta GET /json/version no implementada
[2023-01-12T18:02:26.085] [WARN] default - Ruta GET /json no implementada
[2023-01-12T18:02:33.256] [WARN] default - Ruta GET /json/version no implementada
[2023-01-12T18:02:33.259] [WARN] default - Ruta GET /json no implementada
[2023-01-12T18:02:48.539] [WARN] default - Ruta GET /json/version no implementada
[2023-01-12T18:02:48.541] [WARN] default - Ruta GET /json no implementada
[2023-01-12T18:03:04.666] [WARN] default - Ruta GET /json/version no implementada
[2023-01-12T18:03:04.667] [WARN] default - Ruta GET /json no implementada
[2023-01-12T18:03:11.843] [WARN] default - Ruta GET /json/version no implementada
[2023-01-12T18:03:11.844] [WARN] default - Ruta GET /json no implementada
[2023-01-12T18:03:27.215] [WARN] default - Ruta GET /json/version no implementada
[2023-01-12T18:03:27.218] [WARN] default - Ruta GET /json no implementada
[2023-01-12T18:03:34.364] [WARN] default - Ruta GET /json/version no implementada
[2023-01-12T18:03:34.367] [WARN] default - Ruta GET /json no implementada
[2023-01-12T18:03:49.052] [WARN] default - Ruta GET /json/version no implementada
[2023-01-12T18:03:49.054] [WARN] default - Ruta GET /json no implementada
[2023-01-12T18:03:56.241] [WARN] default - Ruta GET /json/version no implementada
[2023-01-12T18:03:56.248] [WARN] default - Ruta GET /json no implementada
[2023-01-12T18:04:03.628] [WARN] default - Ruta GET /json/version no implementada
[2023-01-12T18:04:03.631] [WARN] default - Ruta GET /json no implementada
[2023-01-12T18:04:11.177] [WARN] default - Ruta GET /json/version no implementada
[2023-01-12T18:04:11.180] [WARN] default - Ruta GET /json no implementada
[2023-01-12T18:04:18.434] [WARN] default - Ruta GET /json/version no implementada
[2023-01-12T18:04:18.436] [WARN] default - Ruta GET /json no implementada
[2023-01-12T18:04:33.462] [WARN] default - Ruta GET /json/version no implementada
[2023-01-12T18:04:33.464] [WARN] default - Ruta GET /json no implementada
[2023-01-12T18:04:44.522] [WARN] default - Ruta GET /json/version no implementada
[2023-01-12T18:04:44.523] [WARN] default - Ruta GET /json no implementada
[2023-01-12T18:04:51.903] [WARN] default - Ruta GET /json/version no implementada
[2023-01-12T18:04:51.905] [WARN] default - Ruta GET /json no implementada
[2023-01-12T18:04:59.094] [WARN] default - Ruta GET /json/version no implementada
[2023-01-12T18:04:59.096] [WARN] default - Ruta GET /json no implementada
[2023-01-12T18:05:13.973] [WARN] default - Ruta GET /json/version no implementada
[2023-01-12T18:05:13.977] [WARN] default - Ruta GET /json no implementada
[2023-01-12T18:05:21.148] [WARN] default - Ruta GET /json/version no implementada
[2023-01-12T18:05:21.149] [WARN] default - Ruta GET /json no implementada
[2023-01-12T18:05:28.305] [WARN] default - Ruta GET /json/version no implementada
[2023-01-12T18:05:28.306] [WARN] default - Ruta GET /json no implementada
[2023-01-12T18:05:38.660] [WARN] default - Ruta GET /json/version no implementada
[2023-01-12T18:05:38.663] [WARN] default - Ruta GET /json no implementada
[2023-01-12T18:05:52.556] [WARN] default - Ruta GET /json/version no implementada
[2023-01-12T18:05:52.560] [WARN] default - Ruta GET /json no implementada
[2023-01-12T18:06:07.484] [WARN] default - Ruta GET /json/version no implementada
[2023-01-12T18:06:07.486] [WARN] default - Ruta GET /json no implementada
[2023-01-12T18:06:15.150] [WARN] default - Ruta GET /json/version no implementada
[2023-01-12T18:06:15.153] [WARN] default - Ruta GET /json no implementada
[2023-01-23T15:50:47.487] [ERROR] default - Error en servidor: Error: listen EADDRINUSE: address already in use :::8080
[2023-01-23T15:53:06.464] [ERROR] default - Error en servidor: Error: listen EADDRINUSE: address already in use :::8080
[2023-01-24T17:22:17.230] [ERROR] default - Error en servidor: Error: listen EADDRINUSE: address already in use :::8080
[2023-01-24T17:27:10.174] [ERROR] default - Error en servidor: Error: listen EADDRINUSE: address already in use :::8080
[2023-01-24T17:27:37.486] [WARN] default - Ruta GET /favicon.ico no implementada
[2023-01-24T17:27:39.714] [WARN] default - Ruta GET /favicon.ico no implementada
[2023-01-24T17:27:56.972] [WARN] default - Ruta GET /favicon.ico no implementada
[2023-01-24T17:28:08.711] [WARN] default - Ruta GET /favicon.ico no implementada
[2023-01-24T17:28:11.509] [WARN] default - Ruta GET /favicon.ico no implementada
[2023-01-24T17:28:14.021] [WARN] default - Ruta GET /favicon.ico no implementada
[2023-01-24T17:28:23.129] [WARN] default - Ruta GET /favicon.ico no implementada
[2023-01-24T17:28:25.881] [WARN] default - Ruta GET /favicon.ico no implementada
[2023-01-24T17:34:56.848] [WARN] default - Ruta GET /favicon.ico no implementada
[2023-01-24T17:34:58.413] [WARN] default - Ruta GET /favicon.ico no implementada
[2023-01-24T17:35:00.112] [WARN] default - Ruta GET /favicon.ico no implementada
[2023-01-24T17:35:01.227] [WARN] default - Ruta GET /favicon.ico no implementada
[2023-01-24T17:35:05.187] [WARN] default - Ruta GET /favicon.ico no implementada
[2023-01-24T17:46:02.488] [WARN] default - Ruta GET /favicon.ico no implementada
[2023-01-24T17:46:07.140] [WARN] default - Ruta GET /favicon.ico no implementada
[2023-01-24T17:48:48.538] [WARN] default - Ruta GET /favicon.ico no implementada
[2023-01-24T17:48:54.341] [WARN] default - Ruta GET /favicon.ico no implementada
[2023-01-24T17:48:57.088] [WARN] default - Ruta GET /favicon.ico no implementada
[2023-01-24T17:51:05.782] [WARN] default - Ruta GET /favicon.ico no implementada
[2023-01-24T17:51:09.435] [WARN] default - Ruta GET /favicon.ico no implementada
[2023-01-24T17:53:31.203] [WARN] default - Ruta GET /session/logout no implementada
[2023-01-24T17:53:31.381] [WARN] default - Ruta GET /favicon.ico no implementada
[2023-01-24T17:53:33.616] [WARN] default - Ruta GET /favicon.ico no implementada
[2023-01-24T18:00:05.419] [WARN] default - Ruta GET /favicon.ico no implementada
[2023-01-24T18:00:16.675] [WARN] default - Ruta GET /favicon.ico no implementada
[2023-01-24T18:00:25.758] [WARN] default - Ruta GET /favicon.ico no implementada
[2023-01-24T18:00:28.010] [WARN] default - Ruta GET /favicon.ico no implementada
[2023-01-24T18:01:17.539] [WARN] default - Ruta GET /favicon.ico no implementada
[2023-01-24T18:01:19.292] [WARN] default - Ruta GET /favicon.ico no implementada
[2023-01-24T18:01:21.783] [WARN] default - Ruta GET /favicon.ico no implementada
[2023-01-24T18:01:23.376] [WARN] default - Ruta GET /favicon.ico no implementada
[2023-01-24T18:01:30.995] [WARN] default - Ruta GET /favicon.ico no implementada
[2023-01-24T18:01:33.873] [WARN] default - Ruta GET /favicon.ico no implementada
[2023-01-24T18:01:37.514] [WARN] default - Ruta GET /favicon.ico no implementada
[2023-01-24T18:02:04.393] [WARN] default - Ruta GET /favicon.ico no implementada
[2023-01-24T18:02:05.960] [WARN] default - Ruta GET /favicon.ico no implementada
[2023-01-24T18:02:08.030] [WARN] default - Ruta GET /favicon.ico no implementada
[2023-01-24T18:02:32.888] [WARN] default - Ruta GET /favicon.ico no implementada
[2023-01-24T18:02:36.243] [WARN] default - Ruta GET /favicon.ico no implementada
[2023-01-24T18:03:10.328] [WARN] default - Ruta GET /favicon.ico no implementada
[2023-01-24T18:04:25.913] [WARN] default - Ruta GET /favicon.ico no implementada
[2023-01-24T18:06:06.417] [WARN] default - Ruta GET /favicon.ico no implementada
[2023-01-24T18:07:34.212] [WARN] default - Ruta GET /favicon.ico no implementada
[2023-01-24T18:09:24.812] [WARN] default - Ruta GET /favicon.ico no implementada
[2023-01-24T18:09:40.898] [WARN] default - Ruta GET /favicon.ico no implementada
[2023-01-24T18:09:59.073] [WARN] default - Ruta GET /favicon.ico no implementada
[2023-01-24T18:10:08.565] [WARN] default - Ruta GET /favicon.ico no implementada
[2023-01-24T18:10:22.183] [WARN] default - Ruta GET /favicon.ico no implementada
[2023-01-24T18:10:53.006] [WARN] default - Ruta GET /favicon.ico no implementada
[2023-01-24T18:10:56.151] [WARN] default - Ruta GET /favicon.ico no implementada
[2023-01-24T18:10:57.647] [WARN] default - Ruta GET /favicon.ico no implementada
[2023-01-24T18:11:55.610] [WARN] default - Ruta GET /favicon.ico no implementada
[2023-01-24T18:11:58.842] [WARN] default - Ruta GET /favicon.ico no implementada
[2023-01-24T18:14:42.048] [WARN] default - Ruta GET /favicon.ico no implementada
[2023-01-24T18:15:08.452] [WARN] default - Ruta GET /favicon.ico no implementada
[2023-01-24T18:15:47.790] [WARN] default - Ruta GET /favicon.ico no implementada
[2023-01-24T18:15:50.102] [WARN] default - Ruta GET /favicon.ico no implementada
[2023-01-24T18:17:11.240] [WARN] default - Ruta GET /favicon.ico no implementada
[2023-01-24T18:19:26.954] [WARN] default - Ruta GET /favicon.ico no implementada
[2023-01-24T18:19:27.159] [WARN] default - Ruta GET /test no implementada
[2023-01-24T18:19:54.673] [WARN] default - Ruta GET /favicon.ico no implementada
[2023-01-24T18:19:54.815] [WARN] default - Ruta GET /test no implementada
[2023-01-24T18:21:56.520] [WARN] default - Ruta GET /favicon.ico no implementada
[2023-01-24T18:22:31.551] [WARN] default - Ruta GET /favicon.ico no implementada
[2023-01-24T18:24:47.780] [WARN] default - Ruta GET /favicon.ico no implementada
[2023-01-24T18:35:07.007] [WARN] default - Ruta GET /favicon.ico no implementada
[2023-01-24T18:35:08.686] [WARN] default - Ruta GET /favicon.ico no implementada
[2023-01-24T18:35:51.282] [WARN] default - Ruta GET /favicon.ico no implementada
[2023-01-24T18:36:18.614] [WARN] default - Ruta GET /favicon.ico no implementada
[2023-01-24T18:36:40.573] [WARN] default - Ruta GET /favicon.ico no implementada
[2023-01-24T18:36:58.822] [WARN] default - Ruta GET /favicon.ico no implementada
[2023-01-24T18:37:26.094] [WARN] default - Ruta GET /favicon.ico no implementada
[2023-01-24T18:37:36.539] [WARN] default - Ruta GET /favicon.ico no implementada
[2023-01-24T18:49:36.283] [WARN] default - Ruta GET /favicon.ico no implementada
[2023-01-24T18:49:39.244] [WARN] default - Ruta GET /favicon.ico no implementada
[2023-01-24T18:50:00.576] [WARN] default - Ruta GET /favicon.ico no implementada
[2023-01-24T18:50:38.820] [WARN] default - Ruta GET /favicon.ico no implementada
[2023-01-24T18:50:54.506] [WARN] default - Ruta GET /favicon.ico no implementada
[2023-01-24T18:50:56.285] [WARN] default - Ruta GET /favicon.ico no implementada
[2023-01-24T18:51:31.636] [WARN] default - Ruta GET /favicon.ico no implementada
[2023-01-24T18:51:55.570] [WARN] default - Ruta GET /favicon.ico no implementada
[2023-01-24T18:52:29.492] [WARN] default - Ruta GET /favicon.ico no implementada
[2023-01-24T18:52:53.806] [WARN] default - Ruta GET /favicon.ico no implementada
[2023-01-24T18:53:09.565] [WARN] default - Ruta GET /favicon.ico no implementada
[2023-01-24T18:54:29.661] [WARN] default - Ruta GET /favicon.ico no implementada
[2023-01-24T18:54:32.049] [WARN] default - Ruta GET /favicon.ico no implementada
[2023-01-24T18:58:27.429] [WARN] default - Ruta GET /favicon.ico no implementada
[2023-01-24T18:59:49.743] [WARN] default - Ruta GET /favicon.ico no implementada
[2023-01-24T18:59:54.336] [WARN] default - Ruta GET /favicon.ico no implementada
[2023-01-24T18:59:55.049] [WARN] default - Ruta GET /favicon.ico no implementada
[2023-01-24T18:59:56.599] [WARN] default - Ruta GET /favicon.ico no implementada
[2023-01-24T19:01:51.621] [WARN] default - Ruta GET /favicon.ico no implementada
[2023-01-24T19:01:51.805] [WARN] default - Ruta GET /favicon.ico no implementada
[2023-01-24T19:02:10.741] [WARN] default - Ruta GET /favicon.ico no implementada
[2023-01-24T19:02:44.561] [WARN] default - Ruta GET /favicon.ico no implementada
[2023-01-24T19:03:28.811] [WARN] default - Ruta GET /favicon.ico no implementada
[2023-01-24T19:03:31.342] [WARN] default - Ruta GET /favicon.ico no implementada
[2023-01-24T19:03:44.250] [WARN] default - Ruta GET /favicon.ico no implementada
[2023-01-24T19:05:29.219] [WARN] default - Ruta GET /favicon.ico no implementada
[2023-01-24T19:34:12.733] [WARN] default - Ruta GET /favicon.ico no implementada
[2023-01-24T19:35:50.468] [WARN] default - Ruta GET /favicon.ico no implementada
[2023-01-24T19:36:53.470] [WARN] default - Ruta GET /favicon.ico no implementada
[2023-01-24T19:37:16.220] [WARN] default - Ruta GET /favicon.ico no implementada
[2023-01-24T19:41:05.682] [WARN] default - Ruta GET /favicon.ico no implementada
[2023-01-24T19:41:57.368] [WARN] default - Ruta GET /favicon.ico no implementada
[2023-01-24T19:59:56.631] [WARN] default - Ruta GET /favicon.ico no implementada
[2023-01-24T19:59:59.272] [WARN] default - Ruta GET /favicon.ico no implementada
[2023-01-24T20:04:48.929] [WARN] default - Ruta GET /favicon.ico no implementada
[2023-01-24T20:05:06.639] [WARN] default - Ruta GET /favicon.ico no implementada
[2023-01-24T20:06:24.590] [WARN] default - Ruta GET /favicon.ico no implementada
[2023-01-24T20:06:50.072] [WARN] default - Ruta GET /favicon.ico no implementada
[2023-01-24T20:08:23.653] [WARN] default - Ruta GET /favicon.ico no implementada
[2023-01-24T20:08:36.536] [WARN] default - Ruta GET /favicon.ico no implementada
[2023-01-24T20:08:38.196] [WARN] default - Ruta GET /favicon.ico no implementada
[2023-01-24T20:08:40.067] [WARN] default - Ruta GET /favicon.ico no implementada
